[2025-11-19 18:46:30] [rogerneves] PUSH: local → Roger: api/testedeploy.php
[2025-11-19 18:59:06] [rogerneves] PULL: Roger → local: api/testedeploy.php
[2025-11-19 18:59:29] [rogerneves] PUSH: local → Roger: api/testedeploy.php
[2025-11-19 19:11:26] [rogerneves] PUSH: local → Jades: api/testedeploy.php
[2025-11-19 19:11:29] [rogerneves] PUSH: local → Jades: api/galeria.php
[2025-11-19 19:11:31] [rogerneves] PUSH: local → Jades: api/api_buscar_cidades.php
[2025-11-19 19:11:33] [rogerneves] PUSH: local → Jades: api/api_mover_imagens.php
[2025-11-19 19:11:35] [rogerneves] PUSH: local → Jades: api/deluxe.php
[2025-11-19 19:11:37] [rogerneves] PUSH: local → Jades: api/executer.sql
[2025-11-19 19:11:39] [rogerneves] PUSH: local → Jades: api/middleware.php
[2025-11-19 19:11:41] [rogerneves] PUSH: local → Jades: api/abt.php
[2025-11-19 19:11:43] [rogerneves] PUSH: local → Jades: api/apimanager.php
[2025-11-19 19:11:45] [rogerneves] PUSH: local → Jades: api/auth.php
[2025-11-19 19:11:47] [rogerneves] PUSH: local → Jades: api/requisicoes.php
[2025-11-19 19:11:50] [rogerneves] PUSH: local → Jades: api/usuario_api.php
[2025-11-19 19:11:52] [rogerneves] PUSH: local → Jades: api/cote.php
[2025-11-19 19:11:54] [rogerneves] PUSH: local → Jades: api/beach.php
[2025-11-19 19:11:56] [rogerneves] PUSH: local → Jades: api/tarifario.php
[2025-11-19 19:11:58] [rogerneves] PUSH: local → Jades: api/cidades.php
[2025-11-19 19:12:00] [rogerneves] PUSH: local → Jades: api/experts.php
[2025-11-19 19:12:02] [rogerneves] PUSH: local → Jades: api/venues.php
[2025-11-19 19:12:04] [rogerneves] PUSH: local → Jades: api/hotel_gallery_api.php
[2025-11-19 19:12:06] [rogerneves] PUSH: local → Jades: api/galeria_log.php
[2025-11-19 19:12:08] [rogerneves] PUSH: local → Jades: api/hotels.php
[2025-11-19 19:13:04] [rogerneves] PUSH: local → Jades: api/testedeploy.php
[2025-11-19 19:13:06] [rogerneves] PUSH: local → Jades: api/galeria.php
[2025-11-19 19:13:09] [rogerneves] PUSH: local → Jades: api/api_buscar_cidades.php
[2025-11-19 19:13:11] [rogerneves] PUSH: local → Jades: api/api_mover_imagens.php
[2025-11-19 19:13:14] [rogerneves] PUSH: local → Jades: api/deluxe.php
[2025-11-19 19:13:16] [rogerneves] PUSH: local → Jades: api/executer.sql
[2025-11-19 19:13:19] [rogerneves] PUSH: local → Jades: api/middleware.php
[2025-11-19 19:13:21] [rogerneves] PUSH: local → Jades: api/abt.php
[2025-11-19 19:13:24] [rogerneves] PUSH: local → Jades: api/apimanager.php
[2025-11-19 19:13:26] [rogerneves] PUSH: local → Jades: api/auth.php
[2025-11-19 19:13:29] [rogerneves] PUSH: local → Jades: api/requisicoes.php
[2025-11-19 19:13:31] [rogerneves] PUSH: local → Jades: api/usuario_api.php
[2025-11-19 19:13:34] [rogerneves] PUSH: local → Jades: api/cote.php
[2025-11-19 19:13:36] [rogerneves] PUSH: local → Jades: api/beach.php
[2025-11-19 19:13:38] [rogerneves] PUSH: local → Jades: api/tarifario.php
[2025-11-19 19:13:39] [rogerneves] PUSH: local → Jades: api/cidades.php
[2025-11-19 19:13:41] [rogerneves] PUSH: local → Jades: api/experts.php
[2025-11-19 19:13:43] [rogerneves] PUSH: local → Jades: api/venues.php
[2025-11-19 19:13:44] [rogerneves] PUSH: local → Jades: api/hotel_gallery_api.php
[2025-11-19 19:13:46] [rogerneves] PUSH: local → Jades: api/galeria_log.php
[2025-11-19 19:13:48] [rogerneves] PUSH: local → Jades: api/hotels.php
[2025-11-19 19:14:09] [rogerneves] PUSH: local → Julio: api/testedeploy.php
[2025-11-19 19:14:11] [rogerneves] PUSH: local → Julio: api/galeria.php
[2025-11-19 19:14:13] [rogerneves] PUSH: local → Julio: api/api_buscar_cidades.php
[2025-11-19 19:14:15] [rogerneves] PUSH: local → Julio: api/api_mover_imagens.php
[2025-11-19 19:14:18] [rogerneves] PUSH: local → Julio: api/deluxe.php
[2025-11-19 19:14:20] [rogerneves] PUSH: local → Julio: api/executer.sql
[2025-11-19 19:14:22] [rogerneves] PUSH: local → Julio: api/middleware.php
[2025-11-19 19:14:24] [rogerneves] PUSH: local → Julio: api/abt.php
[2025-11-19 19:14:26] [rogerneves] PUSH: local → Julio: api/apimanager.php
[2025-11-19 19:14:28] [rogerneves] PUSH: local → Julio: api/auth.php
[2025-11-19 19:14:31] [rogerneves] PUSH: local → Julio: api/requisicoes.php
[2025-11-19 19:14:33] [rogerneves] PUSH: local → Julio: api/usuario_api.php
[2025-11-19 19:14:35] [rogerneves] PUSH: local → Julio: api/cote.php
[2025-11-19 19:14:37] [rogerneves] PUSH: local → Julio: api/beach.php
[2025-11-19 19:14:40] [rogerneves] PUSH: local → Julio: api/tarifario.php
[2025-11-19 19:14:42] [rogerneves] PUSH: local → Julio: api/cidades.php
[2025-11-19 20:10:07] [rogerneves] PULL: Roger → local: hotelv2/update_hotel.php
[2025-11-19 20:10:07] [rogerneves] PULL: Roger → local: hotelv2/novo_hotel.php
[2025-11-19 20:10:08] [rogerneves] PULL: Roger → local: hotelv2/altera_hotel.php
[2025-11-19 20:10:09] [rogerneves] PULL: Roger → local: hotelv2/miolo_hotel.php
[2025-11-19 20:10:09] [rogerneves] PULL: Roger → local: hotelv2/insere_novo_hotel.php
[2025-11-19 20:10:09] [rogerneves] PULL: Roger → local: hotelv2/miolo_hotel_new.php
[2025-11-19 20:50:06] [rogerneves] PULL: Roger → local: generate_api_docs.php
[2025-11-21 01:17:46] [rogerneves] PULL: Roger → local: base_imagem_teste/index.php
[2025-11-21 01:17:47] [rogerneves] PULL: Roger → local: base_imagem_teste/buscar_imagens.php
[2025-11-21 01:17:48] [rogerneves] PULL: Roger → local: base_imagem_teste/buscar_cidades.php
[2025-11-21 01:17:49] [rogerneves] PULL: Roger → local: base_imagem_teste/mover_imagens.php
[2025-11-21 01:17:51] [rogerneves] PULL: Roger → local: base_imagem_teste/index_exemplo_integracao.php
[2025-11-21 18:31:08] [rogerneves] PULL: Roger → local: newsletter/update_news.php
[2025-11-21 18:31:09] [rogerneves] PULL: Roger → local: newsletter/form_update_news.php
[2025-11-21 18:31:11] [rogerneves] PULL: Roger → local: newsletter/form_nova_news.php
[2025-11-21 18:31:12] [rogerneves] PULL: Roger → local: newsletter/insere_nova_news.php
[2025-11-21 18:31:13] [rogerneves] PULL: Roger → local: newsletter/insert_menu_lateral.php
[2025-11-21 18:31:14] [rogerneves] PULL: Roger → local: newsletter/conteudo_minisite.php
[2025-11-21 18:31:16] [rogerneves] PULL: Roger → local: newsletter/deleta_destaque.php
[2025-11-21 18:31:17] [rogerneves] PULL: Roger → local: newsletter/duplica_news.php
[2025-11-21 18:31:19] [rogerneves] PULL: Roger → local: newsletter/form_conteudo_especialista.php
[2025-11-21 18:31:20] [rogerneves] PULL: Roger → local: newsletter/form_conteudo_minisite.php
[2025-11-21 18:31:21] [rogerneves] PULL: Roger → local: newsletter/form_destaques_news.php
[2025-11-21 18:31:22] [rogerneves] PULL: Roger → local: newsletter/insere_destaque.php
[2025-11-21 18:31:24] [rogerneves] PULL: Roger → local: newsletter/lista_news.php
[2025-11-21 18:31:25] [rogerneves] PULL: Roger → local: newsletter/miolo_news.php
[2025-11-21 18:31:26] [rogerneves] PULL: Roger → local: newsletter/retrive_destaque.php
[2025-11-21 18:31:28] [rogerneves] PULL: Roger → local: newsletter/update_destaque.php
[2025-11-21 18:39:36] [rogerneves] PULL: Roger → local: consultar_dados.php
[2025-11-21 18:39:37] [rogerneves] PULL: Roger → local: adicionarcamposbanco.php
[2025-11-21 18:39:39] [rogerneves] PULL: Roger → local: generate_api_docs.php
[2025-11-21 18:39:40] [rogerneves] PULL: Roger → local: lista_conteudo.php
[2025-11-21 19:22:25] [rogerneves] PULL: Roger → local: js/auth.js
[2025-11-21 19:24:48] [rogerneves] PULL: Roger → local: js/deluxev2.js
[2025-11-21 19:24:49] [rogerneves] PULL: Roger → local: js/auth.js
[2025-11-21 19:24:50] [rogerneves] PULL: Roger → local: js/apimanager.js
[2025-11-21 19:24:51] [rogerneves] PULL: Roger → local: js/cote.js
[2025-11-21 19:24:52] [rogerneves] PULL: Roger → local: js/beach_housev2.js
[2025-11-21 19:24:54] [rogerneves] PULL: Roger → local: js/abtv2.js
[2025-11-21 19:24:55] [rogerneves] PULL: Roger → local: js/cidadev2.js
[2025-11-21 19:24:56] [rogerneves] PULL: Roger → local: js/contatos.js
[2025-11-21 19:24:58] [rogerneves] PULL: Roger → local: js/clientes.js
[2025-11-21 19:24:59] [rogerneves] PULL: Roger → local: js/expertsv2.js
[2025-11-21 19:25:00] [rogerneves] PULL: Roger → local: js/venuesv2.js
[2025-11-21 19:25:02] [rogerneves] PULL: Roger → local: js/hotelv2.js
[2025-11-21 19:25:03] [rogerneves] PULL: Roger → local: js/banco_imagem.js
[2025-11-21 19:25:04] [rogerneves] PULL: Roger → local: js/blognacionalv2.js
[2025-11-21 19:25:06] [rogerneves] PULL: Roger → local: js/hotel.js
[2025-11-21 19:25:07] [rogerneves] PULL: Roger → local: js/venues.js
[2025-11-21 19:25:11] [rogerneves] PULL: Roger → local: js/news.js
[2025-11-21 19:25:14] [rogerneves] PULL: Roger → local: js/abt.js
[2025-11-21 19:25:15] [rogerneves] PULL: Roger → local: js/restaurante.js
[2025-11-21 19:25:16] [rogerneves] PULL: Roger → local: js/blognacional.js
[2025-11-21 19:25:18] [rogerneves] PULL: Roger → local: js/controle_acesso.js
[2025-11-21 19:25:19] [rogerneves] PULL: Roger → local: js/product_update.js
[2025-11-21 19:25:20] [rogerneves] PULL: Roger → local: js/cidade.js
[2025-11-21 19:25:21] [rogerneves] PULL: Roger → local: js/guias.js
[2025-11-21 19:25:24] [rogerneves] PULL: Roger → local: js/tours.js
[2025-11-21 19:25:25] [rogerneves] PULL: Roger → local: js/inspections.js
[2025-11-21 19:25:26] [rogerneves] PULL: Roger → local: js/banco_video.js
[2025-11-21 19:25:28] [rogerneves] PULL: Roger → local: js/trailfinders.js
[2025-11-21 19:25:29] [rogerneves] PULL: Roger → local: js/del_facapto.js
[2025-11-21 19:25:30] [rogerneves] PULL: Roger → local: js/del_fachtl.js
[2025-11-21 19:25:31] [rogerneves] PULL: Roger → local: js/deluxe.js
[2025-11-21 19:25:33] [rogerneves] PULL: Roger → local: js/jquery.form.js
[2025-11-21 19:25:34] [rogerneves] PULL: Roger → local: js/tar_htl.js
[2025-11-21 19:25:35] [rogerneves] PULL: Roger → local: js/accordion.js
[2025-11-21 19:25:36] [rogerneves] PULL: Roger → local: js/beach_house.js
[2025-11-21 19:25:37] [rogerneves] PULL: Roger → local: js/busca_contatos.js
[2025-11-21 19:25:40] [rogerneves] PULL: Roger → local: js/ckeditor.js
[2025-11-21 19:25:41] [rogerneves] PULL: Roger → local: js/clientes_functions.js
[2025-11-21 19:25:42] [rogerneves] PULL: Roger → local: js/config.js
[2025-11-21 19:25:44] [rogerneves] PULL: Roger → local: js/datas_mask.js
[2025-11-21 19:25:45] [rogerneves] PULL: Roger → local: js/del_htl.js
[2025-11-21 19:25:48] [rogerneves] PULL: Roger → local: js/destaque_fit.js
[2025-11-21 19:25:49] [rogerneves] PULL: Roger → local: js/eco.js
[2025-11-21 19:25:50] [rogerneves] PULL: Roger → local: js/experts.js
[2025-11-21 19:25:51] [rogerneves] PULL: Roger → local: js/funcionarios.js
[2025-11-21 19:25:52] [rogerneves] PULL: Roger → local: js/jquery.js
[2025-11-21 19:25:54] [rogerneves] PULL: Roger → local: js/log.js
[2025-11-21 19:25:56] [rogerneves] PULL: Roger → local: js/log_tarifario.js
[2025-11-21 19:25:57] [rogerneves] PULL: Roger → local: js/masked_cnpj.js
[2025-11-21 19:25:58] [rogerneves] PULL: Roger → local: js/minisite.js
[2025-11-21 19:26:00] [rogerneves] PULL: Roger → local: js/navegacao.js
[2025-11-21 19:26:01] [rogerneves] PULL: Roger → local: js/os_sistem.js
[2025-11-21 19:26:02] [rogerneves] PULL: Roger → local: js/os_sistem_financeiro.js
[2025-11-21 19:26:03] [rogerneves] PULL: Roger → local: js/pegafoto.js
[2025-11-21 19:26:04] [rogerneves] PULL: Roger → local: js/renovation.js
[2025-11-21 19:26:06] [rogerneves] PULL: Roger → local: js/show-layer.js
[2025-11-21 19:26:07] [rogerneves] PULL: Roger → local: js/tariff_tools.js
[2025-11-21 19:26:08] [rogerneves] PULL: Roger → local: js/various.js
[2025-11-21 20:46:02] [rogerneves] PUSH: local → Roger: api/newsletters.php
[2025-11-21 20:46:05] [rogerneves] PUSH: local → Julio: api/newsletters.php
[2025-11-21 20:46:09] [rogerneves] PUSH: local → Jades: api/newsletters.php
[2025-11-21 20:46:51] [rogerneves] PUSH: local → Roger: js/newsv2.js
[2025-11-21 20:46:54] [rogerneves] PUSH: local → Julio: js/newsv2.js
[2025-11-21 20:46:56] [rogerneves] PUSH: local → Jades: js/newsv2.js
[2025-11-21 20:47:43] [rogerneves] PUSH: local → Roger: newsv2/listar.php
[2025-11-21 20:47:46] [rogerneves] PUSH: local → Roger: newsv2/listar.css
[2025-11-21 20:47:51] [rogerneves] PUSH: local → Julio: newsv2/listar.php
[2025-11-21 20:47:53] [rogerneves] PUSH: local → Julio: newsv2/listar.css
[2025-11-21 20:47:57] [rogerneves] PUSH: local → Jades: newsv2/listar.php
[2025-11-21 20:47:59] [rogerneves] PUSH: local → Jades: newsv2/listar.css
[2025-11-21 20:48:34] [rogerneves] PUSH: local → Roger: lista_conteudo.php
[2025-11-21 21:20:03] [rogerneves] PULL: Roger → local: blogv2/miolo_blognacional.php
[2025-11-21 21:20:04] [rogerneves] PULL: Roger → local: blogv2/upload_image.php
[2025-11-21 21:20:05] [rogerneves] PULL: Roger → local: blogv2/form_altera_post.php
[2025-11-21 21:20:06] [rogerneves] PULL: Roger → local: blogv2/update_post.php
[2025-11-21 21:20:07] [rogerneves] PULL: Roger → local: blogv2/form_novo_post.php
[2025-11-21 21:20:08] [rogerneves] PULL: Roger → local: blogv2/insere_novo_post.php
[2025-11-21 21:20:09] [rogerneves] PULL: Roger → local: blogv2/editar_blog.php
[2025-11-21 21:20:11] [rogerneves] PULL: Roger → local: blogv2/excluir_post.php
[2025-11-21 21:27:30] [rogerneves] PUSH: local → Roger: newsv2/listar.php
[2025-11-21 21:27:33] [rogerneves] PUSH: local → Roger: newsv2/listar.css
[2025-11-21 21:27:35] [rogerneves] PUSH: local → Julio: newsv2/listar.php
[2025-11-21 21:27:37] [rogerneves] PUSH: local → Julio: newsv2/listar.css
[2025-11-21 21:27:39] [rogerneves] PUSH: local → Jades: newsv2/listar.php
[2025-11-21 21:27:41] [rogerneves] PUSH: local → Jades: newsv2/listar.css
[2025-11-23 05:12:28] [rogerneves] PULL: Roger → local: api/abt.php
[2025-11-23 05:12:46] [rogerneves] PULL: Roger → local: abtv2/listar.php
[2025-11-24 15:24:28] [rogerneves] PUSH: local → Roger: newsv2/listar.js
[2025-11-24 15:24:31] [rogerneves] PUSH: local → Roger: newsv2/listar.php
[2025-11-24 15:24:34] [rogerneves] PUSH: local → Roger: newsv2/listar.css
[2025-11-24 15:25:39] [rogerneves] PUSH: local → Roger: api/newsletters.php
[2025-11-24 18:19:14] [rogerneves] PUSH: local → Roger: newsv2/listar.js
[2025-11-24 18:19:17] [rogerneves] PUSH: local → Roger: newsv2/listar.css
[2025-11-24 18:19:19] [rogerneves] PUSH: local → Roger: newsv2/listar.php
[2025-11-24 18:22:07] [rogerneves] PUSH: local → Roger: api/newsletters.php
[2025-11-24 19:05:48] [rogerneves] PULL: Roger → local: js/auth.js
[2025-11-24 19:16:48] [rogerneves] PUSH: local → Roger: lista_conteudo_modern.php
[2025-11-24 19:17:59] [rogerneves] PUSH: local → Roger: css/modern-admin-extras.css
[2025-11-24 19:18:01] [rogerneves] PUSH: local → Roger: css/modern-admin.css
[2025-11-24 19:18:37] [rogerneves] PUSH: local → Roger: js/modern-admin.js
[2025-11-24 20:59:04] [rogerneves] PUSH: local → Roger: lista_conteudo_modern.php
[2025-11-24 20:59:30] [rogerneves] PUSH: local → Roger: includes/moderno-sidebar.php
[2025-11-24 20:59:51] [rogerneves] PUSH: local → Roger: css/moderno-admin-extras.css
[2025-11-24 20:59:54] [rogerneves] PUSH: local → Roger: css/modern-admin.css
[2025-11-24 20:59:56] [rogerneves] PUSH: local → Roger: css/modern-admin-extras.css
[2025-11-24 21:00:56] [rogerneves] PUSH: local → Roger: js/modern-admin.js
[2025-11-26 15:18:04] [rogerneves] PULL: Roger → local: tours/miolo_tours.php
[2025-11-26 15:18:05] [rogerneves] PULL: Roger → local: tours/altera_tour.php
[2025-11-26 15:18:07] [rogerneves] PULL: Roger → local: tours/form_altera_tour.php
[2025-11-26 15:18:08] [rogerneves] PULL: Roger → local: tours/insere_novo_tour.php
[2025-11-26 15:18:09] [rogerneves] PULL: Roger → local: tours/form_novo_tour.php
[2025-11-26 15:18:10] [rogerneves] PULL: Roger → local: tours/miolo_tours_completo_nacional.php
[2025-11-26 15:18:11] [rogerneves] PULL: Roger → local: tours/miolo_tours_completo.php
[2025-11-26 15:18:13] [rogerneves] PULL: Roger → local: tours/miolo_tours_incentivo_completo.php
[2025-11-26 15:18:14] [rogerneves] PULL: Roger → local: tours/update_date_tour.php
[2025-11-26 15:18:15] [rogerneves] PULL: Roger → local: tours/delete_data.php
[2025-11-26 15:18:16] [rogerneves] PULL: Roger → local: tours/insert_date_tour.php
[2025-11-26 15:18:18] [rogerneves] PULL: Roger → local: tours/edit_data.php
[2025-11-26 15:18:19] [rogerneves] PULL: Roger → local: tours/update_tour.php
[2025-11-26 15:18:20] [rogerneves] PULL: Roger → local: tours/admin_tours.php
[2025-11-26 15:18:21] [rogerneves] PULL: Roger → local: tours/busca_desc_srv.php
[2025-11-26 15:18:22] [rogerneves] PULL: Roger → local: tours/form_single_tour.php
[2025-11-26 15:18:23] [rogerneves] PULL: Roger → local: tours/lista_tours_latino.php
[2025-11-26 15:18:25] [rogerneves] PULL: Roger → local: tours/template_tour.php
[2025-11-26 15:18:26] [rogerneves] PULL: Roger → local: tours/tours_incentivos.php
[2025-11-26 15:18:27] [rogerneves] PULL: Roger → local: tours/insere_single_tour.php
[2025-11-26 15:18:28] [rogerneves] PULL: Roger → local: tours/lista_cid_tour.php
[2025-11-26 15:18:30] [rogerneves] PULL: Roger → local: tours/lista_tours_selo_new.php
[2025-11-26 15:18:31] [rogerneves] PULL: Roger → local: tours/monta_lista_tours_latino.php
[2025-11-26 15:18:32] [rogerneves] PULL: Roger → local: tours/update_tour_sdepto.php
[2025-11-26 15:21:35] [rogerneves] PULL: Roger → local: api/tour.php
[2025-11-26 15:37:09] [rogerneves] PUSH: local → Roger: toursv2/listar.js
[2025-11-26 15:37:12] [rogerneves] PUSH: local → Roger: toursv2/listar.css
[2025-11-26 15:37:15] [rogerneves] PUSH: local → Roger: toursv2/listar.php
[2025-11-26 15:37:40] [rogerneves] PUSH: local → Roger: lista_conteudo.php
[2025-11-26 15:37:56] [rogerneves] PUSH: local → Roger: js/toursv2.js
[2025-11-26 15:40:51] [rogerneves] PUSH: local → Roger: toursv2/listar.js
[2025-11-26 20:34:16] [rogerneves] PUSH: local → Roger: api/api_financeiro_pagos.php
[2025-11-28 04:45:30] [rogerneves] PULL: Roger → local: api/api_financeiro_pagos.php
[2025-11-28 04:45:32] [rogerneves] PULL: Roger → local: api/newsletters.php
[2025-11-28 04:45:33] [rogerneves] PULL: Roger → local: api/api_mover_imagens.php
[2025-11-28 04:45:35] [rogerneves] PULL: Roger → local: api/api_buscar_cidades.php
[2025-11-28 04:46:04] [rogerneves] PULL: Roger → local: base_imagem_teste/index.php
[2025-11-28 04:46:05] [rogerneves] PULL: Roger → local: base_imagem_teste/buscar_imagens.php
[2025-11-28 04:46:05] [rogerneves] PULL: Roger → local: base_imagem_teste/api-endpoint-example.php
[2025-11-28 04:46:06] [rogerneves] PULL: Roger → local: base_imagem_teste/buscar_cidades.php
[2025-11-28 04:46:07] [rogerneves] PULL: Roger → local: base_imagem_teste/mover_imagens.php
[2025-11-28 04:46:07] [rogerneves] PULL: Roger → local: base_imagem_teste/index_exemplo_integracao.php
[2025-11-28 04:47:57] [rogerneves] PULL: Roger → local: lista_conteudo_modern.php
[2025-11-28 04:47:58] [rogerneves] PULL: Roger → local: lista_conteudo.php
[2025-11-28 04:48:32] [rogerneves] PULL: Roger → local: includes/moderno-sidebar.php
